<?xml version="1.0" encoding="UTF-8"?>
<robot generator="Robot 3.2.2 (Python 3.9.2 on win32)" generated="20210424 13:27:44.676" rpa="false">
<suite id="s1" name="Task2" source="C:\Users\Salma\eclipse-workspace\Task2">
<suite id="s1-s1" name="Test" source="C:\Users\Salma\eclipse-workspace\Task2\Test">
<suite id="s1-s1-s1" name="practiceFormTest" source="C:\Users\Salma\eclipse-workspace\Task2\Test\practiceFormTest.robot">
<kw name=" startdriver" library="TestBase" type="setup">
<kw name="Open Browser" library="SeleniumLibrary">
<doc>Opens a new browser instance to the optional ``url``.</doc>
<arguments>
<arg>${URL}</arg>
<arg>${Driver}</arg>
</arguments>
<msg timestamp="20210424 13:27:44.923" level="INFO">Opening browser 'chrome' to base url 'https://the-internet.herokuapp.com/'.</msg>
<status status="PASS" starttime="20210424 13:27:44.922" endtime="20210424 13:27:50.775"></status>
</kw>
<kw name="Maximize Browser Window" library="SeleniumLibrary">
<doc>Maximizes current browser window.</doc>
<status status="PASS" starttime="20210424 13:27:50.775" endtime="20210424 13:27:50.903"></status>
</kw>
<status status="PASS" starttime="20210424 13:27:44.921" endtime="20210424 13:27:50.904"></status>
</kw>
<test id="s1-s1-s1-t1" name="Practice Form">
<kw name="Go To" library="SeleniumLibrary">
<doc>Navigates the current browser window to the provided ``url``.</doc>
<arguments>
<arg>http://www.practiceselenium.com/practice-form.html</arg>
</arguments>
<msg timestamp="20210424 13:27:50.910" level="INFO">Opening url 'http://www.practiceselenium.com/practice-form.html'</msg>
<status status="PASS" starttime="20210424 13:27:50.909" endtime="20210424 13:28:01.822"></status>
</kw>
<kw name="Practice_Form" library="PracticeFormPage">
<kw name="Input Text" library="SeleniumLibrary">
<doc>Types the given ``text`` into the text field identified by ``locator``.</doc>
<arguments>
<arg>${firstName}</arg>
<arg>Admin</arg>
</arguments>
<msg timestamp="20210424 13:28:01.826" level="INFO">Typing text 'Admin' into text field 'xpath://*[@id="wsb-element-00000000-0000-0000-0000-000452032346"]/div/form/fieldset/div[1]/p[2]/input'.</msg>
<status status="PASS" starttime="20210424 13:28:01.826" endtime="20210424 13:28:01.922"></status>
</kw>
<kw name="Sleep" library="BuiltIn">
<doc>Pauses the test executed for the given time.</doc>
<arguments>
<arg>2s</arg>
</arguments>
<msg timestamp="20210424 13:28:03.924" level="INFO">Slept 2 seconds</msg>
<status status="PASS" starttime="20210424 13:28:01.922" endtime="20210424 13:28:03.925"></status>
</kw>
<kw name="Input Text" library="SeleniumLibrary">
<doc>Types the given ``text`` into the text field identified by ``locator``.</doc>
<arguments>
<arg>${LastName}</arg>
<arg>Admin</arg>
</arguments>
<msg timestamp="20210424 13:28:03.928" level="INFO">Typing text 'Admin' into text field 'xpath://*[@id="wsb-element-00000000-0000-0000-0000-000452032346"]/div/form/fieldset/div[1]/p[3]/input'.</msg>
<status status="PASS" starttime="20210424 13:28:03.926" endtime="20210424 13:28:04.011"></status>
</kw>
<kw name="Sleep" library="BuiltIn">
<doc>Pauses the test executed for the given time.</doc>
<arguments>
<arg>2s</arg>
</arguments>
<msg timestamp="20210424 13:28:06.016" level="INFO">Slept 2 seconds</msg>
<status status="PASS" starttime="20210424 13:28:04.012" endtime="20210424 13:28:06.017"></status>
</kw>
<kw name="Select Radio Button" library="SeleniumLibrary">
<doc>Sets the radio button group ``group_name`` to ``value``.</doc>
<arguments>
<arg>${Sex}</arg>
<arg>Female</arg>
</arguments>
<msg timestamp="20210424 13:28:06.019" level="INFO">Selecting 'Female' from radio button 'sex'.</msg>
<status status="PASS" starttime="20210424 13:28:06.017" endtime="20210424 13:28:06.076"></status>
</kw>
<kw name="Sleep" library="BuiltIn">
<doc>Pauses the test executed for the given time.</doc>
<arguments>
<arg>2s</arg>
</arguments>
<msg timestamp="20210424 13:28:08.084" level="INFO">Slept 2 seconds</msg>
<status status="PASS" starttime="20210424 13:28:06.077" endtime="20210424 13:28:08.084"></status>
</kw>
<kw name="Select Radio Button" library="SeleniumLibrary">
<doc>Sets the radio button group ``group_name`` to ``value``.</doc>
<arguments>
<arg>${Year}</arg>
<arg>4</arg>
</arguments>
<msg timestamp="20210424 13:28:08.088" level="INFO">Selecting '4' from radio button 'exp'.</msg>
<status status="PASS" starttime="20210424 13:28:08.085" endtime="20210424 13:28:08.146"></status>
</kw>
<kw name="Sleep" library="BuiltIn">
<doc>Pauses the test executed for the given time.</doc>
<arguments>
<arg>2s</arg>
</arguments>
<msg timestamp="20210424 13:28:10.153" level="INFO">Slept 2 seconds</msg>
<status status="PASS" starttime="20210424 13:28:08.146" endtime="20210424 13:28:10.154"></status>
</kw>
<kw name="Input Text" library="SeleniumLibrary">
<doc>Types the given ``text`` into the text field identified by ``locator``.</doc>
<arguments>
<arg>${Date}</arg>
<arg>04/24/2021</arg>
</arguments>
<msg timestamp="20210424 13:28:10.156" level="INFO">Typing text '04/24/2021' into text field 'xpath://*[@id="datepicker"]'.</msg>
<status status="PASS" starttime="20210424 13:28:10.154" endtime="20210424 13:28:10.259"></status>
</kw>
<kw name="Sleep" library="BuiltIn">
<doc>Pauses the test executed for the given time.</doc>
<arguments>
<arg>2s</arg>
</arguments>
<msg timestamp="20210424 13:28:12.272" level="INFO">Slept 2 seconds</msg>
<status status="PASS" starttime="20210424 13:28:10.260" endtime="20210424 13:28:12.272"></status>
</kw>
<kw name="Select Checkbox" library="SeleniumLibrary">
<doc>Selects the checkbox identified by ``locator``.</doc>
<arguments>
<arg>${RedTea}</arg>
</arguments>
<msg timestamp="20210424 13:28:12.274" level="INFO">Selecting checkbox 'xpath://*[@id="tea2"]'.</msg>
<status status="PASS" starttime="20210424 13:28:12.273" endtime="20210424 13:28:12.342"></status>
</kw>
<kw name="Sleep" library="BuiltIn">
<doc>Pauses the test executed for the given time.</doc>
<arguments>
<arg>2s</arg>
</arguments>
<msg timestamp="20210424 13:28:14.358" level="INFO">Slept 2 seconds</msg>
<status status="PASS" starttime="20210424 13:28:12.343" endtime="20210424 13:28:14.359"></status>
</kw>
<kw name="Select Checkbox" library="SeleniumLibrary">
<doc>Selects the checkbox identified by ``locator``.</doc>
<arguments>
<arg>${Break}</arg>
</arguments>
<msg timestamp="20210424 13:28:14.361" level="INFO">Selecting checkbox 'xpath://*[@id="tool-0"]'.</msg>
<status status="PASS" starttime="20210424 13:28:14.359" endtime="20210424 13:28:14.434"></status>
</kw>
<kw name="Sleep" library="BuiltIn">
<doc>Pauses the test executed for the given time.</doc>
<arguments>
<arg>2s</arg>
</arguments>
<msg timestamp="20210424 13:28:16.439" level="INFO">Slept 2 seconds</msg>
<status status="PASS" starttime="20210424 13:28:14.434" endtime="20210424 13:28:16.440"></status>
</kw>
<kw name="Select Checkbox" library="SeleniumLibrary">
<doc>Selects the checkbox identified by ``locator``.</doc>
<arguments>
<arg>${harmless_addiction}</arg>
</arguments>
<msg timestamp="20210424 13:28:16.444" level="INFO">Selecting checkbox 'xpath://*[@id="tool-1"]'.</msg>
<status status="PASS" starttime="20210424 13:28:16.441" endtime="20210424 13:28:16.515"></status>
</kw>
<kw name="Sleep" library="BuiltIn">
<doc>Pauses the test executed for the given time.</doc>
<arguments>
<arg>2s</arg>
</arguments>
<msg timestamp="20210424 13:28:18.525" level="INFO">Slept 2 seconds</msg>
<status status="PASS" starttime="20210424 13:28:16.516" endtime="20210424 13:28:18.530"></status>
</kw>
<kw name="Select From List By Index" library="SeleniumLibrary">
<doc>Selects options from selection list ``locator`` by ``indexes``.</doc>
<arguments>
<arg>${country}</arg>
<arg>4</arg>
</arguments>
<msg timestamp="20210424 13:28:18.533" level="INFO">Selecting options from selection list 'id:continents' by index 4.</msg>
<status status="PASS" starttime="20210424 13:28:18.530" endtime="20210424 13:28:18.620"></status>
</kw>
<kw name="Sleep" library="BuiltIn">
<doc>Pauses the test executed for the given time.</doc>
<arguments>
<arg>2s</arg>
</arguments>
<msg timestamp="20210424 13:28:20.628" level="INFO">Slept 2 seconds</msg>
<status status="PASS" starttime="20210424 13:28:18.620" endtime="20210424 13:28:20.629"></status>
</kw>
<kw name="Select From List By Index" library="SeleniumLibrary">
<doc>Selects options from selection list ``locator`` by ``indexes``.</doc>
<arguments>
<arg>${commands}</arg>
<arg>1</arg>
</arguments>
<msg timestamp="20210424 13:28:20.631" level="INFO">Selecting options from selection list 'id:selenium_commands' by index 1.</msg>
<status status="PASS" starttime="20210424 13:28:20.630" endtime="20210424 13:28:20.714"></status>
</kw>
<kw name="Sleep" library="BuiltIn">
<doc>Pauses the test executed for the given time.</doc>
<arguments>
<arg>2s</arg>
</arguments>
<msg timestamp="20210424 13:28:22.727" level="INFO">Slept 2 seconds</msg>
<status status="PASS" starttime="20210424 13:28:20.715" endtime="20210424 13:28:22.728"></status>
</kw>
<kw name="Click Button" library="SeleniumLibrary">
<doc>Clicks the button identified by ``locator``.</doc>
<arguments>
<arg>${Ok_btn}</arg>
</arguments>
<msg timestamp="20210424 13:28:22.730" level="INFO">Clicking button 'xpath://*[@id="submit"]'.</msg>
<status status="PASS" starttime="20210424 13:28:22.729" endtime="20210424 13:28:33.681"></status>
</kw>
<status status="PASS" starttime="20210424 13:28:01.823" endtime="20210424 13:28:33.681"></status>
</kw>
<kw name="Sleep" library="BuiltIn">
<doc>Pauses the test executed for the given time.</doc>
<arguments>
<arg>2s</arg>
</arguments>
<msg timestamp="20210424 13:28:35.689" level="INFO">Slept 2 seconds</msg>
<status status="PASS" starttime="20210424 13:28:33.681" endtime="20210424 13:28:35.690"></status>
</kw>
<kw name="Element Should Contain" library="SeleniumLibrary">
<doc>Verifies that element ``locator`` contains text ``expected``.</doc>
<arguments>
<arg>${response_message}</arg>
<arg>We're passionate about tea.</arg>
</arguments>
<msg timestamp="20210424 13:28:35.715" level="INFO">Element 'xpath://*[@id="wsb-element-00000000-0000-0000-0000-000450914886"]/div' contains text 'We're passionate about tea.'.</msg>
<status status="PASS" starttime="20210424 13:28:35.691" endtime="20210424 13:28:35.715"></status>
</kw>
<status status="PASS" starttime="20210424 13:27:50.906" endtime="20210424 13:28:35.715" critical="yes"></status>
</test>
<kw name="closedriver" library="TestBase" type="teardown">
<kw name="Close Browser" library="SeleniumLibrary">
<doc>Closes the current browser.</doc>
<status status="PASS" starttime="20210424 13:28:35.716" endtime="20210424 13:28:37.863"></status>
</kw>
<status status="PASS" starttime="20210424 13:28:35.716" endtime="20210424 13:28:37.865"></status>
</kw>
<status status="PASS" starttime="20210424 13:27:44.742" endtime="20210424 13:28:37.865"></status>
</suite>
<status status="PASS" starttime="20210424 13:27:44.736" endtime="20210424 13:28:37.870"></status>
</suite>
<status status="PASS" starttime="20210424 13:27:44.712" endtime="20210424 13:28:37.873"></status>
</suite>
<statistics>
<total>
<stat pass="1" fail="0">Critical Tests</stat>
<stat pass="1" fail="0">All Tests</stat>
</total>
<tag>
</tag>
<suite>
<stat pass="1" fail="0" id="s1" name="Task2">Task2</stat>
<stat pass="1" fail="0" id="s1-s1" name="Test">Task2.Test</stat>
<stat pass="1" fail="0" id="s1-s1-s1" name="practiceFormTest">Task2.Test.practiceFormTest</stat>
</suite>
</statistics>
<errors>
</errors>
</robot>
